[debug] [2019-12-08T03:06:38.665Z] ----------------------------------------------------------------------
[debug] [2019-12-08T03:06:38.677Z] Command:       C:\Program Files\nodejs\node.exe C:\Users\divya\AppData\Roaming\npm\node_modules\firebase-tools\lib\bin\firebase.js login
[debug] [2019-12-08T03:06:38.678Z] CLI Version:   7.9.0
[debug] [2019-12-08T03:06:38.678Z] Platform:      win32
[debug] [2019-12-08T03:06:38.678Z] Node Version:  v11.6.0
[debug] [2019-12-08T03:06:38.683Z] Time:          Sun Dec 08 2019 08:36:38 GMT+0530 (India Standard Time)
[debug] [2019-12-08T03:06:38.683Z] ----------------------------------------------------------------------
[debug] [2019-12-08T03:06:38.683Z] 
[info] i  Firebase optionally collects CLI usage and error reporting information to help improve our products. Data is collected in accordance with Google's privacy policy (https://policies.google.com/privacy) and is not used to identify you.

[info] i  To change your data collection preference at any time, run `firebase logout` and log in again.
[info] 
[info] Visit this URL on this device to log in:
[info] https://accounts.google.com/o/oauth2/auth?client_id=563584335869-fgrhgmd47bqnekij5i8b5pr03ho849e6.apps.googleusercontent.com&scope=email%20openid%20https%3A%2F%2Fwww.googleapis.com%2Fauth%2Fcloudplatformprojects.readonly%20https%3A%2F%2Fwww.googleapis.com%2Fauth%2Ffirebase%20https%3A%2F%2Fwww.googleapis.com%2Fauth%2Fcloud-platform&response_type=code&state=903435934&redirect_uri=http%3A%2F%2Flocalhost%3A9005
[info] 
[info] Waiting for authentication...
[debug] [2019-12-08T03:10:54.116Z] ----------------------------------------------------------------------
[debug] [2019-12-08T03:10:54.126Z] Command:       C:\Program Files\nodejs\node.exe C:\Users\divya\AppData\Roaming\npm\node_modules\firebase-tools\lib\bin\firebase.js login
[debug] [2019-12-08T03:10:54.127Z] CLI Version:   7.9.0
[debug] [2019-12-08T03:10:54.127Z] Platform:      win32
[debug] [2019-12-08T03:10:54.127Z] Node Version:  v11.6.0
[debug] [2019-12-08T03:10:54.132Z] Time:          Sun Dec 08 2019 08:40:54 GMT+0530 (India Standard Time)
[debug] [2019-12-08T03:10:54.132Z] ----------------------------------------------------------------------
[debug] [2019-12-08T03:10:54.132Z] 
[info] i  Firebase optionally collects CLI usage and error reporting information to help improve our products. Data is collected in accordance with Google's privacy policy (https://policies.google.com/privacy) and is not used to identify you.

[info] i  To change your data collection preference at any time, run `firebase logout` and log in again.
[info] 
[info] Visit this URL on this device to log in:
[info] https://accounts.google.com/o/oauth2/auth?client_id=563584335869-fgrhgmd47bqnekij5i8b5pr03ho849e6.apps.googleusercontent.com&scope=email%20openid%20https%3A%2F%2Fwww.googleapis.com%2Fauth%2Fcloudplatformprojects.readonly%20https%3A%2F%2Fwww.googleapis.com%2Fauth%2Ffirebase%20https%3A%2F%2Fwww.googleapis.com%2Fauth%2Fcloud-platform&response_type=code&state=534914726&redirect_uri=http%3A%2F%2Flocalhost%3A9005
[info] 
[info] Waiting for authentication...
[debug] [2019-12-08T06:00:08.944Z] ----------------------------------------------------------------------
[debug] [2019-12-08T06:00:08.953Z] Command:       C:\Program Files\nodejs\node.exe C:\Users\divya\AppData\Roaming\npm\node_modules\firebase-tools\lib\bin\firebase.js login
[debug] [2019-12-08T06:00:08.954Z] CLI Version:   7.9.0
[debug] [2019-12-08T06:00:08.954Z] Platform:      win32
[debug] [2019-12-08T06:00:08.955Z] Node Version:  v11.6.0
[debug] [2019-12-08T06:00:08.958Z] Time:          Sun Dec 08 2019 11:30:08 GMT+0530 (India Standard Time)
[debug] [2019-12-08T06:00:08.958Z] ----------------------------------------------------------------------
[debug] [2019-12-08T06:00:08.958Z] 
[info] i  Firebase optionally collects CLI usage and error reporting information to help improve our products. Data is collected in accordance with Google's privacy policy (https://policies.google.com/privacy) and is not used to identify you.

[info] i  To change your data collection preference at any time, run `firebase logout` and log in again.
[info] 
[info] Visit this URL on this device to log in:
[info] https://accounts.google.com/o/oauth2/auth?client_id=563584335869-fgrhgmd47bqnekij5i8b5pr03ho849e6.apps.googleusercontent.com&scope=email%20openid%20https%3A%2F%2Fwww.googleapis.com%2Fauth%2Fcloudplatformprojects.readonly%20https%3A%2F%2Fwww.googleapis.com%2Fauth%2Ffirebase%20https%3A%2F%2Fwww.googleapis.com%2Fauth%2Fcloud-platform&response_type=code&state=37811060&redirect_uri=http%3A%2F%2Flocalhost%3A9006
[info] 
[info] Waiting for authentication...
